<?xml version="1.0" encoding="UTF-8"?>
<robot generator="Robot 6.0 (Python 3.10.3 on win32)" generated="20221202 21:44:43.560" rpa="false" schemaversion="3">
<suite id="s1" name="Test1" source="C:\Users\Administrator\PycharmProjects\ResMed\ResMedTestCases\Test1.robot">
<test id="s1-t1" name="open ResMed Web_Application" line="11">
<kw name="open ResMed Applicaion" library="ResMedResource">
<kw name="Open Browser" library="Selenium2Library">
<arg>${url}</arg>
<arg>chrome</arg>
<doc>Opens a new browser instance to the optional ``url``.</doc>
<msg timestamp="20221202 21:45:04.142" level="INFO">Opening browser 'chrome' to base url 'https://www.resmed.co.in/'.</msg>
<status status="PASS" starttime="20221202 21:45:04.142" endtime="20221202 21:47:20.162"/>
</kw>
<kw name="Set Selenium Implicit Wait" library="Selenium2Library">
<arg>5 seconds</arg>
<doc>Sets the implicit wait value used by Selenium.</doc>
<status status="PASS" starttime="20221202 21:47:20.163" endtime="20221202 21:47:20.191"/>
</kw>
<kw name="Maximize Browser Window" library="Selenium2Library">
<doc>Maximizes current browser window.</doc>
<status status="PASS" starttime="20221202 21:47:20.191" endtime="20221202 21:47:20.505"/>
</kw>
<kw name="Capture Page Screenshot" library="Selenium2Library">
<doc>Takes a screenshot of the current page and embeds it into a log file.</doc>
<msg timestamp="20221202 21:47:23.063" level="INFO" html="true">&lt;/td&gt;&lt;/tr&gt;&lt;tr&gt;&lt;td colspan="3"&gt;&lt;a href="selenium-screenshot-12.png"&gt;&lt;img src="selenium-screenshot-12.png" width="800px"&gt;&lt;/a&gt;</msg>
<status status="PASS" starttime="20221202 21:47:20.506" endtime="20221202 21:47:23.064"/>
</kw>
<status status="PASS" starttime="20221202 21:45:04.126" endtime="20221202 21:47:23.064"/>
</kw>
<kw name="open ResMedStore and capture screenshot" library="ResMedResource">
<kw name="Set Selenium Implicit Wait" library="Selenium2Library">
<arg>7 seconds</arg>
<doc>Sets the implicit wait value used by Selenium.</doc>
<status status="PASS" starttime="20221202 21:47:23.078" endtime="20221202 21:47:23.100"/>
</kw>
<kw name="Click Element" library="Selenium2Library">
<arg>${popup_button_xpath}</arg>
<doc>Click the element identified by ``locator``.</doc>
<msg timestamp="20221202 21:47:23.104" level="INFO">Clicking element '"//button[@class='leadinModal-close']"'.</msg>
<msg timestamp="20221202 21:47:31.372" level="INFO" html="true">&lt;/td&gt;&lt;/tr&gt;&lt;tr&gt;&lt;td colspan="3"&gt;&lt;a href="selenium-screenshot-13.png"&gt;&lt;img src="selenium-screenshot-13.png" width="800px"&gt;&lt;/a&gt;</msg>
<msg timestamp="20221202 21:47:31.373" level="FAIL">Element with locator '"//button[@class='leadinModal-close']"' not found.</msg>
<status status="FAIL" starttime="20221202 21:47:23.101" endtime="20221202 21:47:34.503"/>
</kw>
<kw name="set sleep">
<arg>5 seconds</arg>
<status status="NOT RUN" starttime="20221202 21:47:34.513" endtime="20221202 21:47:34.513"/>
</kw>
<kw name="Wait Until Page Contains Element" library="Selenium2Library">
<arg>(//div[@class='product-bottom-wrapper']//following::a)[1]</arg>
<doc>Waits until the element ``locator`` appears on the current page.</doc>
<status status="NOT RUN" starttime="20221202 21:47:34.514" endtime="20221202 21:47:34.514"/>
</kw>
<kw name="Scroll Element Into View" library="Selenium2Library">
<arg>${viststore_button_xpath}</arg>
<doc>Scrolls the element identified by ``locator`` into view.</doc>
<status status="NOT RUN" starttime="20221202 21:47:34.514" endtime="20221202 21:47:34.514"/>
</kw>
<kw name="Click Element" library="Selenium2Library">
<arg>${viststore_button_xpath}</arg>
<doc>Click the element identified by ``locator``.</doc>
<status status="NOT RUN" starttime="20221202 21:47:34.515" endtime="20221202 21:47:34.515"/>
</kw>
<kw name="Set Selenium Speed" library="Selenium2Library">
<arg>5 seconds</arg>
<doc>Sets the delay that is waited after each Selenium command.</doc>
<status status="NOT RUN" starttime="20221202 21:47:34.515" endtime="20221202 21:47:34.515"/>
</kw>
<kw name="Capture Page Screenshot" library="Selenium2Library">
<arg>shopcartPage.png</arg>
<doc>Takes a screenshot of the current page and embeds it into a log file.</doc>
<status status="NOT RUN" starttime="20221202 21:47:34.515" endtime="20221202 21:47:34.515"/>
</kw>
<status status="FAIL" starttime="20221202 21:47:23.077" endtime="20221202 21:47:34.516"/>
</kw>
<status status="FAIL" starttime="20221202 21:45:04.126" endtime="20221202 21:47:34.517">Element with locator '"//button[@class='leadinModal-close']"' not found.</status>
</test>
<status status="FAIL" starttime="20221202 21:44:43.827" endtime="20221202 21:47:34.522"/>
</suite>
<statistics>
<total>
<stat pass="0" fail="1" skip="0">All Tests</stat>
</total>
<tag>
</tag>
<suite>
<stat pass="0" fail="1" skip="0" id="s1" name="Test1">Test1</stat>
</suite>
</statistics>
<errors>
</errors>
</robot>
